[Dec-17-2024 18:20:46] debug: /api/listDirFile
[Dec-17-2024 18:34:57] debug: /api/listDirFile
[Dec-17-2024 23:23:25] debug: /api/listDirFile
[Dec-17-2024 23:24:30] debug: /api/listDirFile
[Dec-17-2024 23:30:53] debug: /api/listDirFile
[Dec-17-2024 23:44:14] debug: /api/listDirFile
[Dec-17-2024 23:45:56] debug: /api/listDirFile
[Dec-17-2024 23:48:37] debug: /api/listDirFile
[Dec-17-2024 23:51:14] debug: /api/listDirFile
[Dec-17-2024 23:53:17] debug: /api/listDirFile
[Dec-17-2024 23:53:21] debug: /api/listDirFile
[Dec-17-2024 23:54:41] debug: /api/listDirFile
[Dec-18-2024 06:41:50] debug: /api/listDirFile
[Dec-18-2024 06:43:10] debug: /pdf/fileNameB64
[Dec-18-2024 06:43:10] error: EISDIR: illegal operation on a directory, read
[Dec-18-2024 06:43:10] debug: /pdf/fileNameB64
[Dec-18-2024 06:43:10] error: EISDIR: illegal operation on a directory, read
[Dec-18-2024 06:43:34] debug: /api/listDirFile
[Dec-18-2024 06:44:49] debug: /api/listDirFile
[Dec-18-2024 06:45:35] debug: /api/listDirFile
[Dec-18-2024 14:16:59] debug: /api/listDirFile
[Dec-18-2024 14:20:04] debug: /api/listDirFile
[Dec-18-2024 14:21:02] debug: /api/listDirFile
[Dec-18-2024 18:44:58] debug: /api/listDirFile
[Dec-18-2024 18:47:08] debug: /api/listDirFile
[Dec-18-2024 18:48:16] debug: /api/listDirFile
[Dec-18-2024 18:51:19] debug: /api/listDirFile
[Dec-18-2024 18:53:40] debug: /api/listDirFile
[Dec-18-2024 19:13:59] debug: /pdf/fileNameB64
[Dec-18-2024 19:13:59] error: EISDIR: illegal operation on a directory, read
[Dec-18-2024 19:28:12] debug: /pdf/fileNameB64
[Dec-18-2024 19:28:12] error: EISDIR: illegal operation on a directory, read
[Dec-18-2024 19:28:39] debug: /pdf/fileNameB64
[Dec-18-2024 19:28:39] error: EISDIR: illegal operation on a directory, read
[Dec-18-2024 19:40:00] debug: /api/listDirFile
[Dec-18-2024 19:46:53] debug: /api/listDirFile
[Dec-18-2024 19:52:58] debug: /api/listDirFile
[Dec-18-2024 19:56:10] debug: /api/listDirFile
[Dec-18-2024 19:58:09] debug: /api/listDirFile
[Dec-18-2024 20:01:03] debug: /pdf/fileNameB64
[Dec-18-2024 20:01:03] debug: undefined
[Dec-18-2024 20:02:44] debug: /api/listDirFile
[Dec-18-2024 20:03:01] debug: /api/listDirFile
[Dec-18-2024 20:03:10] debug: /pdf/fileNameB64
[Dec-18-2024 20:03:10] debug: undefined
[Dec-18-2024 20:03:18] debug: /pdf/fileNameB64
[Dec-18-2024 20:03:18] debug: undefined
[Dec-18-2024 20:04:06] debug: /api/listDirFile
[Dec-18-2024 20:04:14] debug: /pdf/fileNameB64
[Dec-18-2024 20:04:14] debug: undefined
[Dec-18-2024 20:08:02] debug: /api/listDirFile
[Dec-18-2024 20:19:40] debug: /api/listDirFile
[Dec-18-2024 20:19:50] debug: /pdf/fileNameB64
[Dec-18-2024 20:20:25] debug: /pdf/fileNameB64
[Dec-18-2024 20:20:25] debug: [object Object]
[Dec-18-2024 20:20:25] debug: /pdf/fileNameB64
[Dec-18-2024 20:20:38] debug: /pdf/fileNameB64
[Dec-18-2024 20:20:38] debug: [object Object]
[Dec-18-2024 20:20:38] debug: /pdf/fileNameB64
[Dec-18-2024 20:21:56] debug: /pdf/fileNameB64
[Dec-18-2024 20:21:56] debug: [object Object]
[Dec-18-2024 20:21:56] debug: /pdf/fileNameB64
[Dec-18-2024 20:24:34] debug: /api/listDirFile
[Dec-18-2024 20:24:39] debug: /pdf/fileNameB64
[Dec-18-2024 20:24:39] debug: [object Object]
[Dec-18-2024 20:24:39] debug: /pdf/fileNameB64
[Dec-18-2024 20:24:48] debug: /api/listDirFile
[Dec-18-2024 20:24:52] debug: /pdf/fileNameB64
[Dec-18-2024 20:24:52] debug: [object Object]
[Dec-18-2024 20:24:52] debug: /pdf/fileNameB64
[Dec-18-2024 20:25:24] debug: /api/listDirFile
[Dec-18-2024 20:25:28] debug: /pdf/fileNameB64
[Dec-18-2024 20:25:28] debug: [object Object]
[Dec-18-2024 20:25:28] debug: /pdf/fileNameB64
[Dec-18-2024 20:26:17] debug: /api/listDirFile
[Dec-18-2024 20:26:23] debug: /pdf/fileNameB64
[Dec-18-2024 20:26:23] debug: [object Object]
[Dec-18-2024 20:26:23] debug: /pdf/fileNameB64
[Dec-18-2024 20:26:58] debug: /api/listDirFile
[Dec-18-2024 20:27:05] debug: /pdf/fileNameB64
[Dec-18-2024 20:27:05] debug: [object Object]
[Dec-18-2024 20:27:05] debug: /pdf/fileNameB64
[Dec-18-2024 20:27:26] debug: /api/listDirFile
[Dec-18-2024 20:27:27] debug: /pdf/fileNameB64
[Dec-18-2024 20:27:59] debug: /pdf/fileNameB64
[Dec-18-2024 20:28:50] debug: /api/listDirFile
[Dec-18-2024 20:28:57] debug: /pdf/fileNameB64
[Dec-18-2024 20:29:59] debug: /api/listDirFile
[Dec-18-2024 20:30:03] debug: /pdf/fileNameB64
[Dec-18-2024 20:30:07] debug: /pdf/fileNameB64
[Dec-18-2024 20:30:10] debug: /pdf/fileNameB64
[Dec-18-2024 20:35:20] debug: /api/listDirFile
[Dec-18-2024 20:35:26] debug: /pdf/fileNameB64
[Dec-18-2024 20:35:40] debug: /api/listDirFile
[Dec-18-2024 20:37:07] debug: /api/listDirFile
[Dec-18-2024 20:37:14] debug: /pdf/fileNameB64
[Dec-18-2024 20:37:29] debug: /api/listDirFile
[Dec-18-2024 20:37:33] debug: /pdf/fileNameB64
[Dec-18-2024 20:38:22] debug: /api/listDirFile
[Dec-18-2024 20:38:25] debug: /pdf/fileNameB64
[Dec-18-2024 20:40:11] debug: /api/listDirFile
[Dec-18-2024 20:40:17] debug: /pdf/fileNameB64
[Dec-18-2024 20:40:27] debug: /api/listDirFile
[Dec-18-2024 20:40:37] debug: /api/listDirFile
[Dec-18-2024 20:40:41] debug: /pdf/fileNameB64
[Dec-18-2024 20:40:49] debug: /pdf/fileNameB64
[Dec-18-2024 20:42:20] debug: /api/listDirFile
[Dec-18-2024 20:42:26] debug: /api/listDirFile
[Dec-18-2024 20:42:33] debug: /pdf/fileNameB64
[Dec-18-2024 20:45:23] debug: /api/listDirFile
[Dec-18-2024 23:02:04] debug: /api/listDirFile
[Dec-18-2024 23:02:08] debug: /pdf/fileNameB64
[Dec-18-2024 23:06:35] debug: /pdf/fileNameB64
[Dec-18-2024 23:07:21] debug: /api/listDirFile
[Dec-18-2024 23:07:27] debug: /pdf/fileNameB64
[Dec-18-2024 23:08:14] debug: /api/listDirFile
[Dec-18-2024 23:09:54] debug: /api/listDirFile
[Dec-18-2024 23:10:13] debug: /pdf/fileNameB64
[Dec-18-2024 23:10:49] debug: /api/listDirFile
[Dec-18-2024 23:12:01] debug: /api/listDirFile
[Dec-18-2024 23:12:25] debug: /api/listDirFile
[Dec-18-2024 23:19:25] debug: /api/listDirFile
[Dec-18-2024 23:19:32] debug: /pdf/fileNameB64
[Dec-18-2024 23:21:50] debug: /api/listDirFile
[Dec-18-2024 23:22:54] debug: /api/listDirFile
[Dec-18-2024 23:32:42] debug: /api/listDirFile
[Dec-18-2024 23:34:09] debug: /api/listDirFile
[Dec-18-2024 23:34:36] debug: /api/listDirFile
[Dec-18-2024 23:39:46] debug: /api/listDirFile
